Analysis & Synthesis report for zjw_kongzhixinhao
Mon Nov 04 21:02:35 2019
Quartus II Version 9.0 Build 184 04/29/2009 Service Pack 1 SJ Web Edition


---------------------
; Table of Contents ;
---------------------
  1. Legal Notice
  2. Analysis & Synthesis Summary
  3. Analysis & Synthesis Settings
  4. Analysis & Synthesis Source Files Read
  5. Analysis & Synthesis Resource Usage Summary
  6. Analysis & Synthesis Resource Utilization by Entity
  7. User-Specified and Inferred Latches
  8. General Register Statistics
  9. Multiplexer Restructuring Statistics (Restructuring Performed)
 10. Analysis & Synthesis Messages



----------------
; Legal Notice ;
----------------
Copyright (C) 1991-2009 Altera Corporation
Your use of Altera Corporation's design tools, logic functions 
and other software and tools, and its AMPP partner logic 
functions, and any output files from any of the foregoing 
(including device programming or simulation files), and any 
associated documentation or information are expressly subject 
to the terms and conditions of the Altera Program License 
Subscription Agreement, Altera MegaCore Function License 
Agreement, or other applicable license agreement, including, 
without limitation, that your use is for the sole purpose of 
programming logic devices manufactured by Altera and sold by 
Altera or its authorized distributors.  Please refer to the 
applicable agreement for further details.



+----------------------------------------------------------------------------+
; Analysis & Synthesis Summary                                               ;
+-----------------------------+----------------------------------------------+
; Analysis & Synthesis Status ; Successful - Mon Nov 04 21:02:35 2019        ;
; Quartus II Version          ; 9.0 Build 184 04/29/2009 SP 1 SJ Web Edition ;
; Revision Name               ; zjw_kongzhixinhao                            ;
; Top-level Entity Name       ; zjw_kongzhixinhao                            ;
; Family                      ; Cyclone                                      ;
; Total logic elements        ; 50                                           ;
; Total pins                  ; 49                                           ;
; Total virtual pins          ; 0                                            ;
; Total memory bits           ; 0                                            ;
; Total PLLs                  ; 0                                            ;
+-----------------------------+----------------------------------------------+


+--------------------------------------------------------------------------------------------------------+
; Analysis & Synthesis Settings                                                                          ;
+--------------------------------------------------------------+--------------------+--------------------+
; Option                                                       ; Setting            ; Default Value      ;
+--------------------------------------------------------------+--------------------+--------------------+
; Device                                                       ; EP1C4F324C8        ;                    ;
; Top-level entity name                                        ; zjw_kongzhixinhao  ; zjw_kongzhixinhao  ;
; Family name                                                  ; Cyclone            ; Stratix II         ;
; Type of Retiming Performed During Resynthesis                ; Full               ;                    ;
; Resynthesis Optimization Effort                              ; Normal             ;                    ;
; Physical Synthesis Level for Resynthesis                     ; Normal             ;                    ;
; Use Generated Physical Constraints File                      ; On                 ;                    ;
; Use smart compilation                                        ; Off                ; Off                ;
; Restructure Multiplexers                                     ; Auto               ; Auto               ;
; Create Debugging Nodes for IP Cores                          ; Off                ; Off                ;
; Preserve fewer node names                                    ; On                 ; On                 ;
; Disable OpenCore Plus hardware evaluation                    ; Off                ; Off                ;
; Verilog Version                                              ; Verilog_2001       ; Verilog_2001       ;
; VHDL Version                                                 ; VHDL93             ; VHDL93             ;
; State Machine Processing                                     ; Auto               ; Auto               ;
; Safe State Machine                                           ; Off                ; Off                ;
; Extract Verilog State Machines                               ; On                 ; On                 ;
; Extract VHDL State Machines                                  ; On                 ; On                 ;
; Ignore Verilog initial constructs                            ; Off                ; Off                ;
; Iteration limit for constant Verilog loops                   ; 5000               ; 5000               ;
; Iteration limit for non-constant Verilog loops               ; 250                ; 250                ;
; Add Pass-Through Logic to Inferred RAMs                      ; On                 ; On                 ;
; Parallel Synthesis                                           ; Off                ; Off                ;
; NOT Gate Push-Back                                           ; On                 ; On                 ;
; Power-Up Don't Care                                          ; On                 ; On                 ;
; Remove Redundant Logic Cells                                 ; Off                ; Off                ;
; Remove Duplicate Registers                                   ; On                 ; On                 ;
; Ignore CARRY Buffers                                         ; Off                ; Off                ;
; Ignore CASCADE Buffers                                       ; Off                ; Off                ;
; Ignore GLOBAL Buffers                                        ; Off                ; Off                ;
; Ignore ROW GLOBAL Buffers                                    ; Off                ; Off                ;
; Ignore LCELL Buffers                                         ; Off                ; Off                ;
; Ignore SOFT Buffers                                          ; On                 ; On                 ;
; Limit AHDL Integers to 32 Bits                               ; Off                ; Off                ;
; Optimization Technique                                       ; Balanced           ; Balanced           ;
; Carry Chain Length                                           ; 70                 ; 70                 ;
; Auto Carry Chains                                            ; On                 ; On                 ;
; Auto Open-Drain Pins                                         ; On                 ; On                 ;
; Perform WYSIWYG Primitive Resynthesis                        ; Off                ; Off                ;
; Auto ROM Replacement                                         ; On                 ; On                 ;
; Auto RAM Replacement                                         ; On                 ; On                 ;
; Auto Shift Register Replacement                              ; Auto               ; Auto               ;
; Auto Clock Enable Replacement                                ; On                 ; On                 ;
; Strict RAM Replacement                                       ; Off                ; Off                ;
; Allow Synchronous Control Signals                            ; On                 ; On                 ;
; Force Use of Synchronous Clear Signals                       ; Off                ; Off                ;
; Auto RAM Block Balancing                                     ; On                 ; On                 ;
; Auto RAM to Logic Cell Conversion                            ; Off                ; Off                ;
; Auto Resource Sharing                                        ; Off                ; Off                ;
; Allow Any RAM Size For Recognition                           ; Off                ; Off                ;
; Allow Any ROM Size For Recognition                           ; Off                ; Off                ;
; Allow Any Shift Register Size For Recognition                ; Off                ; Off                ;
; Use LogicLock Constraints during Resource Balancing          ; On                 ; On                 ;
; Ignore translate_off and synthesis_off directives            ; Off                ; Off                ;
; Show Parameter Settings Tables in Synthesis Report           ; On                 ; On                 ;
; Ignore Maximum Fan-Out Assignments                           ; Off                ; Off                ;
; Synchronization Register Chain Length                        ; 2                  ; 2                  ;
; PowerPlay Power Optimization                                 ; Normal compilation ; Normal compilation ;
; HDL message level                                            ; Level2             ; Level2             ;
; Suppress Register Optimization Related Messages              ; Off                ; Off                ;
; Number of Removed Registers Reported in Synthesis Report     ; 100                ; 100                ;
; Number of Inverted Registers Reported in Synthesis Report    ; 100                ; 100                ;
; Clock MUX Protection                                         ; On                 ; On                 ;
; Block Design Naming                                          ; Auto               ; Auto               ;
; Synthesis Effort                                             ; Auto               ; Auto               ;
; Shift Register Replacement - Allow Asynchronous Clear Signal ; On                 ; On                 ;
; Analysis & Synthesis Message Level                           ; Medium             ; Medium             ;
+--------------------------------------------------------------+--------------------+--------------------+


+----------------------------------------------------------------------------------------------------------------------------------------------+
; Analysis & Synthesis Source Files Read                                                                                                       ;
+----------------------------------+-----------------+-----------------+-----------------------------------------------------------------------+
; File Name with User-Entered Path ; Used in Netlist ; File Type       ; File Name with Absolute Path                                          ;
+----------------------------------+-----------------+-----------------+-----------------------------------------------------------------------+
; zjw_kongzhixinhao.vhd            ; yes             ; User VHDL File  ; C:/Users/apple/Desktop/数电实验二/kongzhixinhao/zjw_kongzhixinhao.vhd ;
+----------------------------------+-----------------+-----------------+-----------------------------------------------------------------------+


+------------------------------------------------------+
; Analysis & Synthesis Resource Usage Summary          ;
+---------------------------------------------+--------+
; Resource                                    ; Usage  ;
+---------------------------------------------+--------+
; Total logic elements                        ; 50     ;
;     -- Combinational with no register       ; 50     ;
;     -- Register only                        ; 0      ;
;     -- Combinational with a register        ; 0      ;
;                                             ;        ;
; Logic element usage by number of LUT inputs ;        ;
;     -- 4 input functions                    ; 23     ;
;     -- 3 input functions                    ; 23     ;
;     -- 2 input functions                    ; 4      ;
;     -- 1 input functions                    ; 0      ;
;     -- 0 input functions                    ; 0      ;
;                                             ;        ;
; Logic elements by mode                      ;        ;
;     -- normal mode                          ; 50     ;
;     -- arithmetic mode                      ; 0      ;
;     -- qfbk mode                            ; 0      ;
;     -- register cascade mode                ; 0      ;
;     -- synchronous clear/load mode          ; 0      ;
;     -- asynchronous clear/load mode         ; 0      ;
;                                             ;        ;
; Total registers                             ; 0      ;
; I/O pins                                    ; 49     ;
; Maximum fan-out node                        ; SME~22 ;
; Maximum fan-out                             ; 11     ;
; Total fan-out                               ; 193    ;
; Average fan-out                             ; 1.95   ;
+---------------------------------------------+--------+


+-----------------------------------------------------------------------------------------------------------------------------------------------------------------------------------------------------------------------+
; Analysis & Synthesis Resource Utilization by Entity                                                                                                                                                                   ;
+----------------------------+-------------+--------------+-------------+------+--------------+--------------+-------------------+------------------+-----------------+------------+---------------------+--------------+
; Compilation Hierarchy Node ; Logic Cells ; LC Registers ; Memory Bits ; Pins ; Virtual Pins ; LUT-Only LCs ; Register-Only LCs ; LUT/Register LCs ; Carry Chain LCs ; Packed LCs ; Full Hierarchy Name ; Library Name ;
+----------------------------+-------------+--------------+-------------+------+--------------+--------------+-------------------+------------------+-----------------+------------+---------------------+--------------+
; |zjw_kongzhixinhao         ; 50 (50)     ; 0            ; 0           ; 49   ; 0            ; 50 (50)      ; 0 (0)             ; 0 (0)            ; 0 (0)           ; 0 (0)      ; |zjw_kongzhixinhao  ; work         ;
+----------------------------+-------------+--------------+-------------+------+--------------+--------------+-------------------+------------------+-----------------+------------+---------------------+--------------+
Note: For table entries with two numbers listed, the numbers in parentheses indicate the number of resources of the given type used by the specific entity alone. The numbers listed outside of parentheses indicate the total resources of the given type used by the specific entity and all of its sub-entities in the hierarchy.


+----------------------------------------------------------------------------------------------------+
; User-Specified and Inferred Latches                                                                ;
+-----------------------------------------------------+---------------------+------------------------+
; Latch Name                                          ; Latch Enable Signal ; Free of Timing Hazards ;
+-----------------------------------------------------+---------------------+------------------------+
; SME$latch                                           ; SME~18              ; yes                    ;
; LD_IR$latch                                         ; SME~18              ; yes                    ;
; DL$latch                                            ; SME~18              ; yes                    ;
; XL$latch                                            ; SME~18              ; yes                    ;
; F$latch                                             ; SME~18              ; yes                    ;
; FRL$latch                                           ; SME~18              ; yes                    ;
; FRR$latch                                           ; SME~18              ; yes                    ;
; M$latch                                             ; SME~18              ; yes                    ;
; LD_PC$latch                                         ; SME~18              ; yes                    ;
; IN_PC$latch                                         ; SME~18              ; yes                    ;
; N_WE$latch                                          ; SME~18              ; yes                    ;
; N_CS$latch                                          ; SME~18              ; yes                    ;
; CFE$latch                                           ; SME~18              ; yes                    ;
; ZFE$latch                                           ; SME~18              ; yes                    ;
; MADD[0]$latch                                       ; SME~18              ; yes                    ;
; MADD[1]$latch                                       ; SME~18              ; yes                    ;
; RAA[0]$latch                                        ; SME~18              ; yes                    ;
; RAA[1]$latch                                        ; SME~18              ; yes                    ;
; RWBA[0]$latch                                       ; SME~18              ; yes                    ;
; RWBA[1]$latch                                       ; SME~18              ; yes                    ;
; Number of user-specified and inferred latches = 20  ;                     ;                        ;
+-----------------------------------------------------+---------------------+------------------------+
Note: All latches listed above may not be present at the end of synthesis due to various synthesis optimizations.


+------------------------------------------------------+
; General Register Statistics                          ;
+----------------------------------------------+-------+
; Statistic                                    ; Value ;
+----------------------------------------------+-------+
; Total registers                              ; 0     ;
; Number of registers using Synchronous Clear  ; 0     ;
; Number of registers using Synchronous Load   ; 0     ;
; Number of registers using Asynchronous Clear ; 0     ;
; Number of registers using Asynchronous Load  ; 0     ;
; Number of registers using Clock Enable       ; 0     ;
; Number of registers using Preset             ; 0     ;
+----------------------------------------------+-------+


+--------------------------------------------------------------------------------------------------------------------------------------------+
; Multiplexer Restructuring Statistics (Restructuring Performed)                                                                             ;
+--------------------+-----------+---------------+----------------------+------------------------+------------+------------------------------+
; Multiplexer Inputs ; Bus Width ; Baseline Area ; Area if Restructured ; Saving if Restructured ; Registered ; Example Multiplexer Output   ;
+--------------------+-----------+---------------+----------------------+------------------------+------------+------------------------------+
; 3:1                ; 2 bits    ; 4 LEs         ; 2 LEs                ; 2 LEs                  ; No         ; |zjw_kongzhixinhao|RWBA[0]~1 ;
; 4:1                ; 2 bits    ; 4 LEs         ; 2 LEs                ; 2 LEs                  ; No         ; |zjw_kongzhixinhao|RAA[0]~2  ;
; 7:1                ; 2 bits    ; 8 LEs         ; 4 LEs                ; 4 LEs                  ; No         ; |zjw_kongzhixinhao|FRL~5     ;
; 8:1                ; 3 bits    ; 15 LEs        ; 9 LEs                ; 6 LEs                  ; No         ; |zjw_kongzhixinhao|SME~15    ;
; 9:1                ; 2 bits    ; 12 LEs        ; 12 LEs               ; 0 LEs                  ; No         ; |zjw_kongzhixinhao|IN_PC~7   ;
+--------------------+-----------+---------------+----------------------+------------------------+------------+------------------------------+


+-------------------------------+
; Analysis & Synthesis Messages ;
+-------------------------------+
Info: *******************************************************************
Info: Running Quartus II Analysis & Synthesis
    Info: Version 9.0 Build 184 04/29/2009 Service Pack 1 SJ Web Edition
    Info: Processing started: Mon Nov 04 21:02:32 2019
Info: Command: quartus_map --read_settings_files=on --write_settings_files=off zjw_kongzhixinhao -c zjw_kongzhixinhao
Info: Found 2 design units, including 1 entities, in source file zjw_kongzhixinhao.vhd
    Info: Found design unit 1: zjw_kongzhixinhao-struct
    Info: Found entity 1: zjw_kongzhixinhao
Info: Elaborating entity "zjw_kongzhixinhao" for the top level hierarchy
Warning (10541): VHDL Signal Declaration warning at zjw_kongzhixinhao.vhd(10): used implicit default value for signal "CF" because signal was never assigned a value or an explicit default value. Use of implicit default value may introduce unintended design optimizations.
Warning (10541): VHDL Signal Declaration warning at zjw_kongzhixinhao.vhd(10): used implicit default value for signal "ZF" because signal was never assigned a value or an explicit default value. Use of implicit default value may introduce unintended design optimizations.
Warning (10492): VHDL Process Statement warning at zjw_kongzhixinhao.vhd(99): signal "command" is read inside the Process Statement but isn't in the Process Statement's sensitivity list
Warning (10492): VHDL Process Statement warning at zjw_kongzhixinhao.vhd(109): signal "command" is read inside the Process Statement but isn't in the Process Statement's sensitivity list
Warning (10492): VHDL Process Statement warning at zjw_kongzhixinhao.vhd(112): signal "command" is read inside the Process Statement but isn't in the Process Statement's sensitivity list
Warning (10631): VHDL Process Statement warning at zjw_kongzhixinhao.vhd(24): inferring latch(es) for signal or variable "LD_IR", which holds its previous value in one or more paths through the process
Warning (10631): VHDL Process Statement warning at zjw_kongzhixinhao.vhd(24): inferring latch(es) for signal or variable "DL", which holds its previous value in one or more paths through the process
Warning (10631): VHDL Process Statement warning at zjw_kongzhixinhao.vhd(24): inferring latch(es) for signal or variable "XL", which holds its previous value in one or more paths through the process
Warning (10631): VHDL Process Statement warning at zjw_kongzhixinhao.vhd(24): inferring latch(es) for signal or variable "N_CS", which holds its previous value in one or more paths through the process
Warning (10631): VHDL Process Statement warning at zjw_kongzhixinhao.vhd(24): inferring latch(es) for signal or variable "MADD", which holds its previous value in one or more paths through the process
Warning (10631): VHDL Process Statement warning at zjw_kongzhixinhao.vhd(24): inferring latch(es) for signal or variable "LD_PC", which holds its previous value in one or more paths through the process
Warning (10631): VHDL Process Statement warning at zjw_kongzhixinhao.vhd(24): inferring latch(es) for signal or variable "IN_PC", which holds its previous value in one or more paths through the process
Warning (10631): VHDL Process Statement warning at zjw_kongzhixinhao.vhd(24): inferring latch(es) for signal or variable "N_WE", which holds its previous value in one or more paths through the process
Warning (10631): VHDL Process Statement warning at zjw_kongzhixinhao.vhd(24): inferring latch(es) for signal or variable "RAA", which holds its previous value in one or more paths through the process
Warning (10631): VHDL Process Statement warning at zjw_kongzhixinhao.vhd(24): inferring latch(es) for signal or variable "RWBA", which holds its previous value in one or more paths through the process
Warning (10631): VHDL Process Statement warning at zjw_kongzhixinhao.vhd(24): inferring latch(es) for signal or variable "M", which holds its previous value in one or more paths through the process
Warning (10631): VHDL Process Statement warning at zjw_kongzhixinhao.vhd(24): inferring latch(es) for signal or variable "F", which holds its previous value in one or more paths through the process
Warning (10631): VHDL Process Statement warning at zjw_kongzhixinhao.vhd(24): inferring latch(es) for signal or variable "FRR", which holds its previous value in one or more paths through the process
Warning (10631): VHDL Process Statement warning at zjw_kongzhixinhao.vhd(24): inferring latch(es) for signal or variable "FRL", which holds its previous value in one or more paths through the process
Warning (10631): VHDL Process Statement warning at zjw_kongzhixinhao.vhd(24): inferring latch(es) for signal or variable "CFE", which holds its previous value in one or more paths through the process
Warning (10631): VHDL Process Statement warning at zjw_kongzhixinhao.vhd(24): inferring latch(es) for signal or variable "ZFE", which holds its previous value in one or more paths through the process
Warning (10631): VHDL Process Statement warning at zjw_kongzhixinhao.vhd(24): inferring latch(es) for signal or variable "SME", which holds its previous value in one or more paths through the process
Info (10041): Inferred latch for "SME" at zjw_kongzhixinhao.vhd(24)
Info (10041): Inferred latch for "ZFE" at zjw_kongzhixinhao.vhd(24)
Info (10041): Inferred latch for "CFE" at zjw_kongzhixinhao.vhd(24)
Info (10041): Inferred latch for "FRL" at zjw_kongzhixinhao.vhd(24)
Info (10041): Inferred latch for "FRR" at zjw_kongzhixinhao.vhd(24)
Info (10041): Inferred latch for "F" at zjw_kongzhixinhao.vhd(24)
Info (10041): Inferred latch for "M" at zjw_kongzhixinhao.vhd(24)
Info (10041): Inferred latch for "RWBA[0]" at zjw_kongzhixinhao.vhd(24)
Info (10041): Inferred latch for "RWBA[1]" at zjw_kongzhixinhao.vhd(24)
Info (10041): Inferred latch for "RAA[0]" at zjw_kongzhixinhao.vhd(24)
Info (10041): Inferred latch for "RAA[1]" at zjw_kongzhixinhao.vhd(24)
Info (10041): Inferred latch for "N_WE" at zjw_kongzhixinhao.vhd(24)
Info (10041): Inferred latch for "IN_PC" at zjw_kongzhixinhao.vhd(24)
Info (10041): Inferred latch for "LD_PC" at zjw_kongzhixinhao.vhd(24)
Info (10041): Inferred latch for "MADD[0]" at zjw_kongzhixinhao.vhd(24)
Info (10041): Inferred latch for "MADD[1]" at zjw_kongzhixinhao.vhd(24)
Info (10041): Inferred latch for "N_CS" at zjw_kongzhixinhao.vhd(24)
Info (10041): Inferred latch for "XL" at zjw_kongzhixinhao.vhd(24)
Info (10041): Inferred latch for "DL" at zjw_kongzhixinhao.vhd(24)
Info (10041): Inferred latch for "LD_IR" at zjw_kongzhixinhao.vhd(24)
Info: Duplicate LATCH primitives merged into single LATCH primitive
    Info: Duplicate LATCH primitive "MADD[1]$latch" merged with LATCH primitive "XL$latch"
Warning: Latch SME$latch has unsafe behavior
    Warning: Ports D and ENA on the latch are fed by the same signal process_0~7
Warning: Latch DL$latch has unsafe behavior
    Warning: Ports D and ENA on the latch are fed by the same signal process_0~3
Warning: Latch XL$latch has unsafe behavior
    Warning: Ports D and ENA on the latch are fed by the same signal MOVA
Warning: Latch F$latch has unsafe behavior
    Warning: Ports D and ENA on the latch are fed by the same signal MOVA
Warning: Latch FRL$latch has unsafe behavior
    Warning: Ports D and ENA on the latch are fed by the same signal SHL
Warning: Latch FRR$latch has unsafe behavior
    Warning: Ports D and ENA on the latch are fed by the same signal SHR
Warning: Latch M$latch has unsafe behavior
    Warning: Ports D and ENA on the latch are fed by the same signal MOVA
Warning: Latch LD_PC$latch has unsafe behavior
    Warning: Ports D and ENA on the latch are fed by the same signal SHL
Warning: Latch IN_PC$latch has unsafe behavior
    Warning: Ports D and ENA on the latch are fed by the same signal process_0~7
Warning: Latch N_WE$latch has unsafe behavior
    Warning: Ports D and ENA on the latch are fed by the same signal SHL
Warning: Latch N_CS$latch has unsafe behavior
    Warning: Ports D and ENA on the latch are fed by the same signal process_0~7
Warning: Latch CFE$latch has unsafe behavior
    Warning: Ports D and ENA on the latch are fed by the same signal MOVA
Warning: Latch ZFE$latch has unsafe behavior
    Warning: Ports D and ENA on the latch are fed by the same signal ALU
Warning: Latch MADD[0]$latch has unsafe behavior
    Warning: Ports D and ENA on the latch are fed by the same signal MOVC
Warning: Latch RAA[0]$latch has unsafe behavior
    Warning: Ports D and ENA on the latch are fed by the same signal MOVC
Warning: Latch RAA[1]$latch has unsafe behavior
    Warning: Ports D and ENA on the latch are fed by the same signal MOVC
Warning: Latch RWBA[0]$latch has unsafe behavior
    Warning: Ports D and ENA on the latch are fed by the same signal MOVA
Warning: Latch RWBA[1]$latch has unsafe behavior
    Warning: Ports D and ENA on the latch are fed by the same signal MOVA
Warning: Output pins are stuck at VCC or GND
    Warning (13410): Pin "CF" is stuck at GND
    Warning (13410): Pin "ZF" is stuck at GND
Info: Implemented 99 device resources after synthesis - the final resource count might be different
    Info: Implemented 23 input pins
    Info: Implemented 26 output pins
    Info: Implemented 50 logic cells
Info: Quartus II Analysis & Synthesis was successful. 0 errors, 61 warnings
    Info: Peak virtual memory: 246 megabytes
    Info: Processing ended: Mon Nov 04 21:02:35 2019
    Info: Elapsed time: 00:00:03
    Info: Total CPU time (on all processors): 00:00:03


