Classic Timing Analyzer report for zjw_SM
Thu Dec 05 18:29:06 2019
Quartus II Version 9.0 Build 184 04/29/2009 Service Pack 1 SJ Web Edition


---------------------
; Table of Contents ;
---------------------
  1. Legal Notice
  2. Timing Analyzer Summary
  3. Timing Analyzer Settings
  4. Clock Settings Summary
  5. Parallel Compilation
  6. Clock Setup: 'clk'
  7. tsu
  8. tco
  9. th
 10. Timing Analyzer Messages



----------------
; Legal Notice ;
----------------
Copyright (C) 1991-2009 Altera Corporation
Your use of Altera Corporation's design tools, logic functions 
and other software and tools, and its AMPP partner logic 
functions, and any output files from any of the foregoing 
(including device programming or simulation files), and any 
associated documentation or information are expressly subject 
to the terms and conditions of the Altera Program License 
Subscription Agreement, Altera MegaCore Function License 
Agreement, or other applicable license agreement, including, 
without limitation, that your use is for the sole purpose of 
programming logic devices manufactured by Altera and sold by 
Altera or its authorized distributors.  Please refer to the 
applicable agreement for further details.



+----------------------------------------------------------------------------------------------------------------------------------------------------------+
; Timing Analyzer Summary                                                                                                                                  ;
+------------------------------+-------+---------------+------------------------------------------------+------+----+------------+----------+--------------+
; Type                         ; Slack ; Required Time ; Actual Time                                    ; From ; To ; From Clock ; To Clock ; Failed Paths ;
+------------------------------+-------+---------------+------------------------------------------------+------+----+------------+----------+--------------+
; Worst-case tsu               ; N/A   ; None          ; 4.258 ns                                       ; EN   ; d  ; --         ; clk      ; 0            ;
; Worst-case tco               ; N/A   ; None          ; 6.505 ns                                       ; d    ; SM ; clk        ; --       ; 0            ;
; Worst-case th                ; N/A   ; None          ; -4.206 ns                                      ; EN   ; d  ; --         ; clk      ; 0            ;
; Clock Setup: 'clk'           ; N/A   ; None          ; Restricted to 275.03 MHz ( period = 3.636 ns ) ; d    ; d  ; clk        ; clk      ; 0            ;
; Total number of failed paths ;       ;               ;                                                ;      ;    ;            ;          ; 0            ;
+------------------------------+-------+---------------+------------------------------------------------+------+----+------------+----------+--------------+


+--------------------------------------------------------------------------------------------------------------------+
; Timing Analyzer Settings                                                                                           ;
+---------------------------------------------------------------------+--------------------+------+----+-------------+
; Option                                                              ; Setting            ; From ; To ; Entity Name ;
+---------------------------------------------------------------------+--------------------+------+----+-------------+
; Device Name                                                         ; EP1C20F400C8       ;      ;    ;             ;
; Timing Models                                                       ; Final              ;      ;    ;             ;
; Default hold multicycle                                             ; Same as Multicycle ;      ;    ;             ;
; Cut paths between unrelated clock domains                           ; On                 ;      ;    ;             ;
; Cut off read during write signal paths                              ; On                 ;      ;    ;             ;
; Cut off feedback from I/O pins                                      ; On                 ;      ;    ;             ;
; Report Combined Fast/Slow Timing                                    ; Off                ;      ;    ;             ;
; Ignore Clock Settings                                               ; Off                ;      ;    ;             ;
; Analyze latches as synchronous elements                             ; On                 ;      ;    ;             ;
; Enable Recovery/Removal analysis                                    ; Off                ;      ;    ;             ;
; Enable Clock Latency                                                ; Off                ;      ;    ;             ;
; Use TimeQuest Timing Analyzer                                       ; Off                ;      ;    ;             ;
; Minimum Core Junction Temperature                                   ; 0                  ;      ;    ;             ;
; Maximum Core Junction Temperature                                   ; 85                 ;      ;    ;             ;
; Number of source nodes to report per destination node               ; 10                 ;      ;    ;             ;
; Number of destination nodes to report                               ; 10                 ;      ;    ;             ;
; Number of paths to report                                           ; 200                ;      ;    ;             ;
; Report Minimum Timing Checks                                        ; Off                ;      ;    ;             ;
; Use Fast Timing Models                                              ; Off                ;      ;    ;             ;
; Report IO Paths Separately                                          ; Off                ;      ;    ;             ;
; Perform Multicorner Analysis                                        ; Off                ;      ;    ;             ;
; Reports the worst-case path for each clock domain and analysis      ; Off                ;      ;    ;             ;
; Removes common clock path pessimism (CCPP) during slack computation ; Off                ;      ;    ;             ;
; Output I/O Timing Endpoint                                          ; Near End           ;      ;    ;             ;
+---------------------------------------------------------------------+--------------------+------+----+-------------+


+------------------------------------------------------------------------------------------------------------------------------------------------------------------------------------+
; Clock Settings Summary                                                                                                                                                             ;
+-----------------+--------------------+----------+------------------+---------------+--------------+----------+-----------------------+---------------------+--------+--------------+
; Clock Node Name ; Clock Setting Name ; Type     ; Fmax Requirement ; Early Latency ; Late Latency ; Based on ; Multiply Base Fmax by ; Divide Base Fmax by ; Offset ; Phase offset ;
+-----------------+--------------------+----------+------------------+---------------+--------------+----------+-----------------------+---------------------+--------+--------------+
; clk             ;                    ; User Pin ; None             ; 0.000 ns      ; 0.000 ns     ; --       ; N/A                   ; N/A                 ; N/A    ;              ;
+-----------------+--------------------+----------+------------------+---------------+--------------+----------+-----------------------+---------------------+--------+--------------+


Parallel compilation was disabled, but you have multiple processors available. Enable parallel compilation to reduce compilation time.
+-------------------------------------+
; Parallel Compilation                ;
+----------------------------+--------+
; Processors                 ; Number ;
+----------------------------+--------+
; Number detected on machine ; 2      ;
; Maximum allowed            ; 1      ;
+----------------------------+--------+


+--------------------------------------------------------------------------------------------------------------------------------------------------------------------------------+
; Clock Setup: 'clk'                                                                                                                                                             ;
+-------+------------------------------------------------+------+----+------------+----------+-----------------------------+---------------------------+-------------------------+
; Slack ; Actual fmax (period)                           ; From ; To ; From Clock ; To Clock ; Required Setup Relationship ; Required Longest P2P Time ; Actual Longest P2P Time ;
+-------+------------------------------------------------+------+----+------------+----------+-----------------------------+---------------------------+-------------------------+
; N/A   ; Restricted to 275.03 MHz ( period = 3.636 ns ) ; d    ; d  ; clk        ; clk      ; None                        ; None                      ; 0.823 ns                ;
+-------+------------------------------------------------+------+----+------------+----------+-----------------------------+---------------------------+-------------------------+


+----------------------------------------------------------+
; tsu                                                      ;
+-------+--------------+------------+------+----+----------+
; Slack ; Required tsu ; Actual tsu ; From ; To ; To Clock ;
+-------+--------------+------------+------+----+----------+
; N/A   ; None         ; 4.258 ns   ; EN   ; d  ; clk      ;
+-------+--------------+------------+------+----+----------+


+------------------------------------------------------------+
; tco                                                        ;
+-------+--------------+------------+------+----+------------+
; Slack ; Required tco ; Actual tco ; From ; To ; From Clock ;
+-------+--------------+------------+------+----+------------+
; N/A   ; None         ; 6.505 ns   ; d    ; SM ; clk        ;
+-------+--------------+------------+------+----+------------+


+----------------------------------------------------------------+
; th                                                             ;
+---------------+-------------+-----------+------+----+----------+
; Minimum Slack ; Required th ; Actual th ; From ; To ; To Clock ;
+---------------+-------------+-----------+------+----+----------+
; N/A           ; None        ; -4.206 ns ; EN   ; d  ; clk      ;
+---------------+-------------+-----------+------+----+----------+


+--------------------------+
; Timing Analyzer Messages ;
+--------------------------+
Info: *******************************************************************
Info: Running Quartus II Classic Timing Analyzer
    Info: Version 9.0 Build 184 04/29/2009 Service Pack 1 SJ Web Edition
    Info: Processing started: Thu Dec 05 18:29:05 2019
Info: Command: quartus_tan --read_settings_files=off --write_settings_files=off zjw_SM -c zjw_SM --timing_analysis_only
Warning: Found pins functioning as undefined clocks and/or memory enables
    Info: Assuming node "clk" is an undefined clock
Info: Clock "clk" Internal fmax is restricted to 275.03 MHz between source register "d" and destination register "d"
    Info: fmax restricted to Clock High delay (1.818 ns) plus Clock Low delay (1.818 ns) : restricted to 3.636 ns. Expand message to see actual delay path.
        Info: + Longest register to register delay is 0.823 ns
            Info: 1: + IC(0.000 ns) + CELL(0.000 ns) = 0.000 ns; Loc. = LC_X68_Y1_N3; Fanout = 2; REG Node = 'd'
            Info: 2: + IC(0.514 ns) + CELL(0.309 ns) = 0.823 ns; Loc. = LC_X68_Y1_N3; Fanout = 2; REG Node = 'd'
            Info: Total cell delay = 0.309 ns ( 37.55 % )
            Info: Total interconnect delay = 0.514 ns ( 62.45 % )
        Info: - Smallest clock skew is 0.000 ns
            Info: + Shortest clock path from clock "clk" to destination register is 3.013 ns
                Info: 1: + IC(0.000 ns) + CELL(1.469 ns) = 1.469 ns; Loc. = PIN_V18; Fanout = 1; CLK Node = 'clk'
                Info: 2: + IC(0.833 ns) + CELL(0.711 ns) = 3.013 ns; Loc. = LC_X68_Y1_N3; Fanout = 2; REG Node = 'd'
                Info: Total cell delay = 2.180 ns ( 72.35 % )
                Info: Total interconnect delay = 0.833 ns ( 27.65 % )
            Info: - Longest clock path from clock "clk" to source register is 3.013 ns
                Info: 1: + IC(0.000 ns) + CELL(1.469 ns) = 1.469 ns; Loc. = PIN_V18; Fanout = 1; CLK Node = 'clk'
                Info: 2: + IC(0.833 ns) + CELL(0.711 ns) = 3.013 ns; Loc. = LC_X68_Y1_N3; Fanout = 2; REG Node = 'd'
                Info: Total cell delay = 2.180 ns ( 72.35 % )
                Info: Total interconnect delay = 0.833 ns ( 27.65 % )
        Info: + Micro clock to output delay of source is 0.224 ns
        Info: + Micro setup delay of destination is 0.037 ns
Info: tsu for register "d" (data pin = "EN", clock pin = "clk") is 4.258 ns
    Info: + Longest pin to register delay is 7.234 ns
        Info: 1: + IC(0.000 ns) + CELL(1.475 ns) = 1.475 ns; Loc. = PIN_Y17; Fanout = 1; PIN Node = 'EN'
        Info: 2: + IC(5.021 ns) + CELL(0.738 ns) = 7.234 ns; Loc. = LC_X68_Y1_N3; Fanout = 2; REG Node = 'd'
        Info: Total cell delay = 2.213 ns ( 30.59 % )
        Info: Total interconnect delay = 5.021 ns ( 69.41 % )
    Info: + Micro setup delay of destination is 0.037 ns
    Info: - Shortest clock path from clock "clk" to destination register is 3.013 ns
        Info: 1: + IC(0.000 ns) + CELL(1.469 ns) = 1.469 ns; Loc. = PIN_V18; Fanout = 1; CLK Node = 'clk'
        Info: 2: + IC(0.833 ns) + CELL(0.711 ns) = 3.013 ns; Loc. = LC_X68_Y1_N3; Fanout = 2; REG Node = 'd'
        Info: Total cell delay = 2.180 ns ( 72.35 % )
        Info: Total interconnect delay = 0.833 ns ( 27.65 % )
Info: tco from clock "clk" to destination pin "SM" through register "d" is 6.505 ns
    Info: + Longest clock path from clock "clk" to source register is 3.013 ns
        Info: 1: + IC(0.000 ns) + CELL(1.469 ns) = 1.469 ns; Loc. = PIN_V18; Fanout = 1; CLK Node = 'clk'
        Info: 2: + IC(0.833 ns) + CELL(0.711 ns) = 3.013 ns; Loc. = LC_X68_Y1_N3; Fanout = 2; REG Node = 'd'
        Info: Total cell delay = 2.180 ns ( 72.35 % )
        Info: Total interconnect delay = 0.833 ns ( 27.65 % )
    Info: + Micro clock to output delay of source is 0.224 ns
    Info: + Longest register to pin delay is 3.268 ns
        Info: 1: + IC(0.000 ns) + CELL(0.000 ns) = 0.000 ns; Loc. = LC_X68_Y1_N3; Fanout = 2; REG Node = 'd'
        Info: 2: + IC(1.144 ns) + CELL(2.124 ns) = 3.268 ns; Loc. = PIN_W18; Fanout = 0; PIN Node = 'SM'
        Info: Total cell delay = 2.124 ns ( 64.99 % )
        Info: Total interconnect delay = 1.144 ns ( 35.01 % )
Info: th for register "d" (data pin = "EN", clock pin = "clk") is -4.206 ns
    Info: + Longest clock path from clock "clk" to destination register is 3.013 ns
        Info: 1: + IC(0.000 ns) + CELL(1.469 ns) = 1.469 ns; Loc. = PIN_V18; Fanout = 1; CLK Node = 'clk'
        Info: 2: + IC(0.833 ns) + CELL(0.711 ns) = 3.013 ns; Loc. = LC_X68_Y1_N3; Fanout = 2; REG Node = 'd'
        Info: Total cell delay = 2.180 ns ( 72.35 % )
        Info: Total interconnect delay = 0.833 ns ( 27.65 % )
    Info: + Micro hold delay of destination is 0.015 ns
    Info: - Shortest pin to register delay is 7.234 ns
        Info: 1: + IC(0.000 ns) + CELL(1.475 ns) = 1.475 ns; Loc. = PIN_Y17; Fanout = 1; PIN Node = 'EN'
        Info: 2: + IC(5.021 ns) + CELL(0.738 ns) = 7.234 ns; Loc. = LC_X68_Y1_N3; Fanout = 2; REG Node = 'd'
        Info: Total cell delay = 2.213 ns ( 30.59 % )
        Info: Total interconnect delay = 5.021 ns ( 69.41 % )
Info: Quartus II Classic Timing Analyzer was successful. 0 errors, 1 warning
    Info: Peak virtual memory: 194 megabytes
    Info: Processing ended: Thu Dec 05 18:29:06 2019
    Info: Elapsed time: 00:00:01
    Info: Total CPU time (on all processors): 00:00:01


