Classic Timing Analyzer report for zjw_8_3_1
Wed Nov 13 22:22:53 2019
Quartus II Version 9.0 Build 184 04/29/2009 Service Pack 1 SJ Web Edition


---------------------
; Table of Contents ;
---------------------
  1. Legal Notice
  2. Timing Analyzer Summary
  3. Timing Analyzer Settings
  4. Parallel Compilation
  5. tpd
  6. Timing Analyzer Messages



----------------
; Legal Notice ;
----------------
Copyright (C) 1991-2009 Altera Corporation
Your use of Altera Corporation's design tools, logic functions 
and other software and tools, and its AMPP partner logic 
functions, and any output files from any of the foregoing 
(including device programming or simulation files), and any 
associated documentation or information are expressly subject 
to the terms and conditions of the Altera Program License 
Subscription Agreement, Altera MegaCore Function License 
Agreement, or other applicable license agreement, including, 
without limitation, that your use is for the sole purpose of 
programming logic devices manufactured by Altera and sold by 
Altera or its authorized distributors.  Please refer to the 
applicable agreement for further details.



+------------------------------------------------------------------------------------------------------------------------------+
; Timing Analyzer Summary                                                                                                      ;
+------------------------------+-------+---------------+-------------+--------+---------+------------+----------+--------------+
; Type                         ; Slack ; Required Time ; Actual Time ; From   ; To      ; From Clock ; To Clock ; Failed Paths ;
+------------------------------+-------+---------------+-------------+--------+---------+------------+----------+--------------+
; Worst-case tpd               ; N/A   ; None          ; 17.757 ns   ; in1[2] ; out1[2] ; --         ; --       ; 0            ;
; Total number of failed paths ;       ;               ;             ;        ;         ;            ;          ; 0            ;
+------------------------------+-------+---------------+-------------+--------+---------+------------+----------+--------------+


+--------------------------------------------------------------------------------------------------------------------+
; Timing Analyzer Settings                                                                                           ;
+---------------------------------------------------------------------+--------------------+------+----+-------------+
; Option                                                              ; Setting            ; From ; To ; Entity Name ;
+---------------------------------------------------------------------+--------------------+------+----+-------------+
; Device Name                                                         ; EP1C4F324C8        ;      ;    ;             ;
; Timing Models                                                       ; Final              ;      ;    ;             ;
; Default hold multicycle                                             ; Same as Multicycle ;      ;    ;             ;
; Cut paths between unrelated clock domains                           ; On                 ;      ;    ;             ;
; Cut off read during write signal paths                              ; On                 ;      ;    ;             ;
; Cut off feedback from I/O pins                                      ; On                 ;      ;    ;             ;
; Report Combined Fast/Slow Timing                                    ; Off                ;      ;    ;             ;
; Ignore Clock Settings                                               ; Off                ;      ;    ;             ;
; Analyze latches as synchronous elements                             ; On                 ;      ;    ;             ;
; Enable Recovery/Removal analysis                                    ; Off                ;      ;    ;             ;
; Enable Clock Latency                                                ; Off                ;      ;    ;             ;
; Use TimeQuest Timing Analyzer                                       ; Off                ;      ;    ;             ;
; Minimum Core Junction Temperature                                   ; 0                  ;      ;    ;             ;
; Maximum Core Junction Temperature                                   ; 85                 ;      ;    ;             ;
; Number of source nodes to report per destination node               ; 10                 ;      ;    ;             ;
; Number of destination nodes to report                               ; 10                 ;      ;    ;             ;
; Number of paths to report                                           ; 200                ;      ;    ;             ;
; Report Minimum Timing Checks                                        ; Off                ;      ;    ;             ;
; Use Fast Timing Models                                              ; Off                ;      ;    ;             ;
; Report IO Paths Separately                                          ; Off                ;      ;    ;             ;
; Perform Multicorner Analysis                                        ; Off                ;      ;    ;             ;
; Reports the worst-case path for each clock domain and analysis      ; Off                ;      ;    ;             ;
; Removes common clock path pessimism (CCPP) during slack computation ; Off                ;      ;    ;             ;
; Output I/O Timing Endpoint                                          ; Near End           ;      ;    ;             ;
+---------------------------------------------------------------------+--------------------+------+----+-------------+


Parallel compilation was disabled, but you have multiple processors available. Enable parallel compilation to reduce compilation time.
+-------------------------------------+
; Parallel Compilation                ;
+----------------------------+--------+
; Processors                 ; Number ;
+----------------------------+--------+
; Number detected on machine ; 2      ;
; Maximum allowed            ; 1      ;
+----------------------------+--------+


+----------------------------------------------------------------+
; tpd                                                            ;
+-------+-------------------+-----------------+--------+---------+
; Slack ; Required P2P Time ; Actual P2P Time ; From   ; To      ;
+-------+-------------------+-----------------+--------+---------+
; N/A   ; None              ; 17.757 ns       ; in1[2] ; out1[2] ;
; N/A   ; None              ; 17.010 ns       ; in2[7] ; out1[7] ;
; N/A   ; None              ; 16.816 ns       ; MOVC   ; out1[7] ;
; N/A   ; None              ; 16.662 ns       ; JUMP   ; out1[2] ;
; N/A   ; None              ; 16.642 ns       ; MOVC   ; out1[2] ;
; N/A   ; None              ; 16.521 ns       ; JUMP   ; out1[7] ;
; N/A   ; None              ; 16.439 ns       ; in1[7] ; out1[7] ;
; N/A   ; None              ; 15.712 ns       ; MOVB   ; out1[2] ;
; N/A   ; None              ; 15.708 ns       ; in2[2] ; out1[2] ;
; N/A   ; None              ; 15.571 ns       ; MOVB   ; out1[7] ;
; N/A   ; None              ; 14.896 ns       ; JUMP   ; out1[6] ;
; N/A   ; None              ; 14.876 ns       ; MOVC   ; out1[6] ;
; N/A   ; None              ; 14.820 ns       ; in0[2] ; out1[2] ;
; N/A   ; None              ; 14.429 ns       ; in2[0] ; out1[0] ;
; N/A   ; None              ; 13.946 ns       ; MOVB   ; out1[6] ;
; N/A   ; None              ; 13.837 ns       ; in0[7] ; out1[7] ;
; N/A   ; None              ; 13.397 ns       ; JUMP   ; out1[4] ;
; N/A   ; None              ; 13.377 ns       ; MOVC   ; out1[4] ;
; N/A   ; None              ; 13.271 ns       ; in2[6] ; out1[6] ;
; N/A   ; None              ; 13.146 ns       ; JUMP   ; out1[0] ;
; N/A   ; None              ; 13.126 ns       ; MOVC   ; out1[0] ;
; N/A   ; None              ; 12.766 ns       ; JUMP   ; out1[3] ;
; N/A   ; None              ; 12.763 ns       ; JUMP   ; out1[5] ;
; N/A   ; None              ; 12.751 ns       ; JUMP   ; out1[1] ;
; N/A   ; None              ; 12.746 ns       ; MOVC   ; out1[3] ;
; N/A   ; None              ; 12.743 ns       ; MOVC   ; out1[5] ;
; N/A   ; None              ; 12.731 ns       ; MOVC   ; out1[1] ;
; N/A   ; None              ; 12.559 ns       ; in1[1] ; out1[1] ;
; N/A   ; None              ; 12.447 ns       ; MOVB   ; out1[4] ;
; N/A   ; None              ; 12.419 ns       ; in1[4] ; out1[4] ;
; N/A   ; None              ; 12.196 ns       ; MOVB   ; out1[0] ;
; N/A   ; None              ; 11.946 ns       ; in1[3] ; out1[3] ;
; N/A   ; None              ; 11.816 ns       ; MOVB   ; out1[3] ;
; N/A   ; None              ; 11.813 ns       ; MOVB   ; out1[5] ;
; N/A   ; None              ; 11.801 ns       ; MOVB   ; out1[1] ;
; N/A   ; None              ; 11.700 ns       ; in2[4] ; out1[4] ;
; N/A   ; None              ; 11.545 ns       ; in2[3] ; out1[3] ;
; N/A   ; None              ; 11.494 ns       ; in1[5] ; out1[5] ;
; N/A   ; None              ; 11.404 ns       ; in1[0] ; out1[0] ;
; N/A   ; None              ; 11.380 ns       ; in2[1] ; out1[1] ;
; N/A   ; None              ; 11.259 ns       ; in0[3] ; out1[3] ;
; N/A   ; None              ; 11.214 ns       ; in2[5] ; out1[5] ;
; N/A   ; None              ; 10.713 ns       ; in0[4] ; out1[4] ;
; N/A   ; None              ; 10.199 ns       ; in0[0] ; out1[0] ;
; N/A   ; None              ; 10.086 ns       ; in0[5] ; out1[5] ;
; N/A   ; None              ; 9.932 ns        ; in1[6] ; out1[6] ;
; N/A   ; None              ; 9.675 ns        ; in0[1] ; out1[1] ;
; N/A   ; None              ; 8.703 ns        ; in0[6] ; out1[6] ;
+-------+-------------------+-----------------+--------+---------+


+--------------------------+
; Timing Analyzer Messages ;
+--------------------------+
Info: *******************************************************************
Info: Running Quartus II Classic Timing Analyzer
    Info: Version 9.0 Build 184 04/29/2009 Service Pack 1 SJ Web Edition
    Info: Processing started: Wed Nov 13 22:22:52 2019
Info: Command: quartus_tan --read_settings_files=off --write_settings_files=off zjw_8_3_1 -c zjw_8_3_1 --timing_analysis_only
Info: Longest tpd from source pin "in1[2]" to destination pin "out1[2]" is 17.757 ns
    Info: 1: + IC(0.000 ns) + CELL(1.469 ns) = 1.469 ns; Loc. = PIN_N18; Fanout = 1; PIN Node = 'in1[2]'
    Info: 2: + IC(8.526 ns) + CELL(0.114 ns) = 10.109 ns; Loc. = LC_X2_Y14_N2; Fanout = 1; COMB Node = 'out1~29'
    Info: 3: + IC(0.717 ns) + CELL(0.292 ns) = 11.118 ns; Loc. = LC_X1_Y14_N9; Fanout = 1; COMB Node = 'out1~30'
    Info: 4: + IC(4.531 ns) + CELL(2.108 ns) = 17.757 ns; Loc. = PIN_U11; Fanout = 0; PIN Node = 'out1[2]'
    Info: Total cell delay = 3.983 ns ( 22.43 % )
    Info: Total interconnect delay = 13.774 ns ( 77.57 % )
Info: Quartus II Classic Timing Analyzer was successful. 0 errors, 0 warnings
    Info: Peak virtual memory: 194 megabytes
    Info: Processing ended: Wed Nov 13 22:22:53 2019
    Info: Elapsed time: 00:00:01
    Info: Total CPU time (on all processors): 00:00:01


