Classic Timing Analyzer report for zjw_chuanxingjiafaqi
Thu Nov 21 19:51:50 2019
Quartus II Version 9.0 Build 184 04/29/2009 Service Pack 1 SJ Web Edition


---------------------
; Table of Contents ;
---------------------
  1. Legal Notice
  2. Timing Analyzer Summary
  3. Timing Analyzer Settings
  4. Parallel Compilation
  5. tpd
  6. Timing Analyzer Messages



----------------
; Legal Notice ;
----------------
Copyright (C) 1991-2009 Altera Corporation
Your use of Altera Corporation's design tools, logic functions 
and other software and tools, and its AMPP partner logic 
functions, and any output files from any of the foregoing 
(including device programming or simulation files), and any 
associated documentation or information are expressly subject 
to the terms and conditions of the Altera Program License 
Subscription Agreement, Altera MegaCore Function License 
Agreement, or other applicable license agreement, including, 
without limitation, that your use is for the sole purpose of 
programming logic devices manufactured by Altera and sold by 
Altera or its authorized distributors.  Please refer to the 
applicable agreement for further details.



+--------------------------------------------------------------------------------------------------------------------------+
; Timing Analyzer Summary                                                                                                  ;
+------------------------------+-------+---------------+-------------+------+-------+------------+----------+--------------+
; Type                         ; Slack ; Required Time ; Actual Time ; From ; To    ; From Clock ; To Clock ; Failed Paths ;
+------------------------------+-------+---------------+-------------+------+-------+------------+----------+--------------+
; Worst-case tpd               ; N/A   ; None          ; 10.737 ns   ; E[1] ; M4[3] ; --         ; --       ; 0            ;
; Total number of failed paths ;       ;               ;             ;      ;       ;            ;          ; 0            ;
+------------------------------+-------+---------------+-------------+------+-------+------------+----------+--------------+


+--------------------------------------------------------------------------------------------------------------------+
; Timing Analyzer Settings                                                                                           ;
+---------------------------------------------------------------------+--------------------+------+----+-------------+
; Option                                                              ; Setting            ; From ; To ; Entity Name ;
+---------------------------------------------------------------------+--------------------+------+----+-------------+
; Device Name                                                         ; EP1C3T100C6        ;      ;    ;             ;
; Timing Models                                                       ; Final              ;      ;    ;             ;
; Default hold multicycle                                             ; Same as Multicycle ;      ;    ;             ;
; Cut paths between unrelated clock domains                           ; On                 ;      ;    ;             ;
; Cut off read during write signal paths                              ; On                 ;      ;    ;             ;
; Cut off feedback from I/O pins                                      ; On                 ;      ;    ;             ;
; Report Combined Fast/Slow Timing                                    ; Off                ;      ;    ;             ;
; Ignore Clock Settings                                               ; Off                ;      ;    ;             ;
; Analyze latches as synchronous elements                             ; On                 ;      ;    ;             ;
; Enable Recovery/Removal analysis                                    ; Off                ;      ;    ;             ;
; Enable Clock Latency                                                ; Off                ;      ;    ;             ;
; Use TimeQuest Timing Analyzer                                       ; Off                ;      ;    ;             ;
; Number of source nodes to report per destination node               ; 10                 ;      ;    ;             ;
; Number of destination nodes to report                               ; 10                 ;      ;    ;             ;
; Number of paths to report                                           ; 200                ;      ;    ;             ;
; Report Minimum Timing Checks                                        ; Off                ;      ;    ;             ;
; Use Fast Timing Models                                              ; Off                ;      ;    ;             ;
; Report IO Paths Separately                                          ; Off                ;      ;    ;             ;
; Perform Multicorner Analysis                                        ; Off                ;      ;    ;             ;
; Reports the worst-case path for each clock domain and analysis      ; Off                ;      ;    ;             ;
; Removes common clock path pessimism (CCPP) during slack computation ; Off                ;      ;    ;             ;
; Output I/O Timing Endpoint                                          ; Near End           ;      ;    ;             ;
+---------------------------------------------------------------------+--------------------+------+----+-------------+


Parallel compilation was disabled, but you have multiple processors available. Enable parallel compilation to reduce compilation time.
+-------------------------------------+
; Parallel Compilation                ;
+----------------------------+--------+
; Processors                 ; Number ;
+----------------------------+--------+
; Number detected on machine ; 2      ;
; Maximum allowed            ; 1      ;
+----------------------------+--------+


+------------------------------------------------------------+
; tpd                                                        ;
+-------+-------------------+-----------------+------+-------+
; Slack ; Required P2P Time ; Actual P2P Time ; From ; To    ;
+-------+-------------------+-----------------+------+-------+
; N/A   ; None              ; 10.737 ns       ; E[1] ; M4[3] ;
; N/A   ; None              ; 10.162 ns       ; F[1] ; M4[3] ;
; N/A   ; None              ; 9.977 ns        ; E[1] ; M4[2] ;
; N/A   ; None              ; 9.632 ns        ; E[1] ; M4[1] ;
; N/A   ; None              ; 9.520 ns        ; E[0] ; M4[3] ;
; N/A   ; None              ; 9.402 ns        ; F[1] ; M4[2] ;
; N/A   ; None              ; 9.242 ns        ; F[0] ; M4[3] ;
; N/A   ; None              ; 9.191 ns        ; F[2] ; M4[3] ;
; N/A   ; None              ; 9.056 ns        ; F[1] ; M4[1] ;
; N/A   ; None              ; 8.760 ns        ; E[0] ; M4[2] ;
; N/A   ; None              ; 8.663 ns        ; E[2] ; M4[3] ;
; N/A   ; None              ; 8.615 ns        ; F[3] ; M4[3] ;
; N/A   ; None              ; 8.532 ns        ; E[3] ; M4[3] ;
; N/A   ; None              ; 8.482 ns        ; F[0] ; M4[2] ;
; N/A   ; None              ; 8.430 ns        ; F[2] ; M4[2] ;
; N/A   ; None              ; 8.416 ns        ; E[0] ; M4[1] ;
; N/A   ; None              ; 8.212 ns        ; E[0] ; M4[0] ;
; N/A   ; None              ; 8.138 ns        ; F[0] ; M4[1] ;
; N/A   ; None              ; 7.934 ns        ; F[0] ; M4[0] ;
; N/A   ; None              ; 7.903 ns        ; E[2] ; M4[2] ;
+-------+-------------------+-----------------+------+-------+


+--------------------------+
; Timing Analyzer Messages ;
+--------------------------+
Info: *******************************************************************
Info: Running Quartus II Classic Timing Analyzer
    Info: Version 9.0 Build 184 04/29/2009 Service Pack 1 SJ Web Edition
    Info: Processing started: Thu Nov 21 19:51:50 2019
Info: Command: quartus_tan --read_settings_files=off --write_settings_files=off zjw_chuanxingjiafaqi -c zjw_chuanxingjiafaqi --timing_analysis_only
Info: Longest tpd from source pin "E[1]" to destination pin "M4[3]" is 10.737 ns
    Info: 1: + IC(0.000 ns) + CELL(1.135 ns) = 1.135 ns; Loc. = PIN_27; Fanout = 2; PIN Node = 'E[1]'
    Info: 2: + IC(5.013 ns) + CELL(0.454 ns) = 6.602 ns; Loc. = LC_X4_Y13_N8; Fanout = 2; COMB Node = 'quanjiaqi_vhdl:g1|C~3'
    Info: 3: + IC(0.325 ns) + CELL(0.340 ns) = 7.267 ns; Loc. = LC_X4_Y13_N5; Fanout = 1; COMB Node = 'quanjiaqi_vhdl:g2|C~3'
    Info: 4: + IC(0.320 ns) + CELL(0.088 ns) = 7.675 ns; Loc. = LC_X4_Y13_N2; Fanout = 1; COMB Node = 'quanjiaqi_vhdl:g3|S'
    Info: 5: + IC(1.440 ns) + CELL(1.622 ns) = 10.737 ns; Loc. = PIN_90; Fanout = 0; PIN Node = 'M4[3]'
    Info: Total cell delay = 3.639 ns ( 33.89 % )
    Info: Total interconnect delay = 7.098 ns ( 66.11 % )
Info: Quartus II Classic Timing Analyzer was successful. 0 errors, 0 warnings
    Info: Peak virtual memory: 193 megabytes
    Info: Processing ended: Thu Nov 21 19:51:50 2019
    Info: Elapsed time: 00:00:00
    Info: Total CPU time (on all processors): 00:00:01


